<?xml version="1.0" encoding="UTF-8"?>
<testng-results ignored="0" total="1" passed="1" failed="0" skipped="0">
  <reporter-output>
  </reporter-output>
  <suite started-at="2022-03-19T00:35:03 IST" name="Default suite" finished-at="2022-03-19T00:35:15 IST" duration-ms="11572">
    <groups>
    </groups>
    <test started-at="2022-03-19T00:35:03 IST" name="Default test" finished-at="2022-03-19T00:35:15 IST" duration-ms="11572">
      <class name="com.CICDAutomation.TestA">
        <test-method is-config="true" signature="launchBrowser()[pri:0, instance:com.CICDAutomation.TestA@4d154ccd]" started-at="2022-03-19T00:35:03 IST" name="launchBrowser" finished-at="2022-03-19T00:35:11 IST" duration-ms="7704" status="PASS">
          <reporter-output>
          </reporter-output>
        </test-method> <!-- launchBrowser -->
        <test-method signature="getLinks()[pri:0, instance:com.CICDAutomation.TestA@4d154ccd]" started-at="2022-03-19T00:35:11 IST" name="getLinks" finished-at="2022-03-19T00:35:14 IST" duration-ms="3120" status="PASS">
          <reporter-output>
          </reporter-output>
        </test-method> <!-- getLinks -->
        <test-method is-config="true" signature="closeBrowser()[pri:0, instance:com.CICDAutomation.TestA@4d154ccd]" started-at="2022-03-19T00:35:14 IST" name="closeBrowser" finished-at="2022-03-19T00:35:15 IST" duration-ms="704" status="PASS">
          <reporter-output>
          </reporter-output>
        </test-method> <!-- closeBrowser -->
      </class> <!-- com.CICDAutomation.TestA -->
    </test> <!-- Default test -->
  </suite> <!-- Default suite -->
</testng-results>
